
[2015-03-26 02:01:46.943] [ERROR] NIXEYE.ERROR - { [Error: listen EADDRINUSE] code: 'EADDRINUSE', errno: 'EADDRINUSE', syscall: 'listen' }
Error: listen EADDRINUSE
    at exports._errnoException (util.js:746:11)
    at Server._listen2 (net.js:1129:14)
    at listen (net.js:1155:10)
    at Server.listen (net.js:1240:5)
    at /home/undertuga/Projects/nyxeye/v1.0/nyxeye.js:169:38
    at /home/undertuga/Projects/nyxeye/v1.0/core/db.core.js:61:4
    at /home/undertuga/Projects/nyxeye/v1.0/node_modules/mongodb/lib/mongodb/db.js:296:11
    at process._tickCallback (node.js:355:11)
[2015-03-26 02:01:46.949] [ERROR] NIXEYE.ERROR - { [Error: listen EADDRINUSE] code: 'EADDRINUSE', errno: 'EADDRINUSE', syscall: 'listen' }
Error: listen EADDRINUSE
    at exports._errnoException (util.js:746:11)
    at Server._listen2 (net.js:1129:14)
    at listen (net.js:1155:10)
    at Server.listen (net.js:1240:5)
    at /home/undertuga/Projects/nyxeye/v1.0/nyxeye.js:186:38
    at /home/undertuga/Projects/nyxeye/v1.0/core/db.core.js:61:4
    at /home/undertuga/Projects/nyxeye/v1.0/node_modules/mongodb/lib/mongodb/db.js:296:11
    at process._tickCallback (node.js:355:11)
